build/app/intermediates/manifest_merge_blame_file/release/manifest-merger-blame-release-report.txt
1<?xml version="1.0" encoding="utf-8"?>
2<manifest xmlns:android="http://schemas.android.com/apk/res/android"
3    package="pickupjob.gobizgrow.com"
4    android:versionCode="1"
5    android:versionName="1.0.0" >
6
7    <uses-sdk
8        android:minSdkVersion="21"
8-->src/main/AndroidManifest.xml
9        android:targetSdkVersion="31" />
9-->src/main/AndroidManifest.xml
10
11    <uses-permission android:name="android.permission.POST_NOTIFICATIONS" />
11-->src/main/AndroidManifest.xml:3:4-75
11-->src/main/AndroidManifest.xml:3:21-73
12    <uses-permission android:name="android.permission.ACCESS_NETWORK_STATE" />
12-->src/main/AndroidManifest.xml:4:4-78
12-->src/main/AndroidManifest.xml:4:21-75
13    <uses-permission android:name="android.permission.INTERNET" />
13-->src/main/AndroidManifest.xml:5:4-65
13-->src/main/AndroidManifest.xml:5:21-63
14    <uses-permission android:name="android.permission.READ_MEDIA_IMAGES" />
14-->src/main/AndroidManifest.xml:6:4-75
14-->src/main/AndroidManifest.xml:6:21-72
15    <uses-permission android:name="android.permission.WRITE_EXTERNAL_STORAGE" />
15-->src/main/AndroidManifest.xml:7:4-80
15-->src/main/AndroidManifest.xml:7:21-77
16    <uses-permission android:name="android.permission.READ_EXTERNAL_STORAGE" /> <!-- Internet permission -->
16-->src/main/AndroidManifest.xml:8:4-79
16-->src/main/AndroidManifest.xml:8:21-76
17    <uses-feature
17-->src/main/AndroidManifest.xml:9:4-83
18        android:name="android.hardware.camera"
18-->src/main/AndroidManifest.xml:9:18-56
19        android:required="true" />
19-->src/main/AndroidManifest.xml:9:57-80
20
21    <uses-permission android:name="android.permission.ACCESS_COARSE_LOCATION" />
21-->src/main/AndroidManifest.xml:10:4-80
21-->src/main/AndroidManifest.xml:10:21-77
22    <uses-permission android:name="android.permission.ACCESS_FINE_LOCATION" />
22-->src/main/AndroidManifest.xml:11:4-78
22-->src/main/AndroidManifest.xml:11:21-75
23    <uses-permission android:name="android.permission.FOREGROUND_SERVICE" />
23-->src/main/AndroidManifest.xml:12:4-76
23-->src/main/AndroidManifest.xml:12:21-73
24    <uses-permission android:name="android.permission.ACCESS_BACKGROUND_LOCATION" />
24-->src/main/AndroidManifest.xml:13:4-83
24-->src/main/AndroidManifest.xml:13:21-81
25    <uses-permission android:name="android.permission.WAKE_LOCK" />
25-->[:firebase_analytics] AndroidManifest.xml:11:5-68
25-->[:firebase_analytics] AndroidManifest.xml:11:22-65
26    <uses-permission android:name="android.permission.CAMERA" />
26-->[:flutter_barcode_scanner] AndroidManifest.xml:9:5-65
26-->[:flutter_barcode_scanner] AndroidManifest.xml:9:22-62
27    <uses-permission android:name="android.permission.FLASHLIGHT" />
27-->[:flutter_barcode_scanner] AndroidManifest.xml:13:5-69
27-->[:flutter_barcode_scanner] AndroidManifest.xml:13:22-66
28    <uses-permission android:name="android.permission.RECEIVE_BOOT_COMPLETED" />
28-->[:flutter_local_notifications] AndroidManifest.xml:9:5-81
28-->[:flutter_local_notifications] AndroidManifest.xml:9:22-78
29    <uses-permission android:name="android.permission.VIBRATE" />
29-->[:flutter_local_notifications] AndroidManifest.xml:10:5-66
29-->[:flutter_local_notifications] AndroidManifest.xml:10:22-63
30    <uses-permission android:name="android.permission.USE_FULL_SCREEN_INTENT" />
30-->[:flutter_local_notifications] AndroidManifest.xml:11:5-81
30-->[:flutter_local_notifications] AndroidManifest.xml:11:22-78
31    <uses-permission android:name="android.permission.SCHEDULE_EXACT_ALARM" /> <!-- See https://developer.android.com/training/package-visibility/declaring for more details. -->
31-->[:flutter_local_notifications] AndroidManifest.xml:12:5-79
31-->[:flutter_local_notifications] AndroidManifest.xml:12:22-76
32    <queries>
32-->[com.stripe:financial-connections:20.15.4] AndroidManifest.xml:12:5-20:15
33
34        <!-- Added to check the default browser that will host the AuthFlow. -->
35        <intent>
35-->[com.stripe:financial-connections:20.15.4] AndroidManifest.xml:15:9-19:18
36            <action android:name="android.intent.action.VIEW" />
36-->[com.stripe:financial-connections:20.15.4] AndroidManifest.xml:16:13-65
36-->[com.stripe:financial-connections:20.15.4] AndroidManifest.xml:16:21-62
37
38            <data android:scheme="http" />
38-->[com.stripe:financial-connections:20.15.4] AndroidManifest.xml:18:13-43
38-->[com.stripe:financial-connections:20.15.4] AndroidManifest.xml:18:19-40
39        </intent>
40        <!-- Added to check if Chrome is installed for browser-based payment authentication (e.g. 3DS1). -->
41        <package android:name="com.android.chrome" />
41-->[com.stripe:payments-core:20.15.4] AndroidManifest.xml:13:9-54
41-->[com.stripe:payments-core:20.15.4] AndroidManifest.xml:13:18-51
42
43        <intent>
43-->[com.google.firebase:firebase-inappmessaging-display:20.2.0] AndroidManifest.xml:13:9-17:18
44            <action android:name="android.intent.action.VIEW" />
44-->[com.stripe:financial-connections:20.15.4] AndroidManifest.xml:16:13-65
44-->[com.stripe:financial-connections:20.15.4] AndroidManifest.xml:16:21-62
45
46            <data android:scheme="https" />
46-->[com.stripe:financial-connections:20.15.4] AndroidManifest.xml:18:13-43
46-->[com.stripe:financial-connections:20.15.4] AndroidManifest.xml:18:19-40
47        </intent> <!-- Needs to be explicitly declared on Android R+ -->
48        <package android:name="com.google.android.apps.maps" />
48-->[com.google.android.gms:play-services-maps:18.1.0] AndroidManifest.xml:33:9-64
48-->[com.google.android.gms:play-services-maps:18.1.0] AndroidManifest.xml:33:18-61
49    </queries>
50
51    <uses-feature
51-->[com.google.android.gms:play-services-maps:18.1.0] AndroidManifest.xml:26:5-28:35
52        android:glEsVersion="0x00020000"
52-->[com.google.android.gms:play-services-maps:18.1.0] AndroidManifest.xml:27:9-41
53        android:required="true" /> <!-- Required by older versions of Google Play services to create IID tokens -->
53-->[com.google.android.gms:play-services-maps:18.1.0] AndroidManifest.xml:28:9-32
54    <uses-permission android:name="com.google.android.c2dm.permission.RECEIVE" />
54-->[com.google.firebase:firebase-iid:21.1.0] AndroidManifest.xml:26:5-82
54-->[com.google.firebase:firebase-iid:21.1.0] AndroidManifest.xml:26:22-79
55    <uses-permission android:name="com.google.android.gms.permission.AD_ID" />
55-->[com.google.android.gms:play-services-measurement-api:21.2.0] AndroidManifest.xml:25:5-79
55-->[com.google.android.gms:play-services-measurement-api:21.2.0] AndroidManifest.xml:25:22-76
56    <uses-permission android:name="com.google.android.finsky.permission.BIND_GET_INSTALL_REFERRER_SERVICE" />
56-->[com.google.android.gms:play-services-measurement:21.2.0] AndroidManifest.xml:26:5-110
56-->[com.google.android.gms:play-services-measurement:21.2.0] AndroidManifest.xml:26:22-107
57
58    <permission
58-->[androidx.core:core:1.9.0] AndroidManifest.xml:22:5-24:47
59        android:name="pickupjob.gobizgrow.com.DYNAMIC_RECEIVER_NOT_EXPORTED_PERMISSION"
59-->[androidx.core:core:1.9.0] AndroidManifest.xml:23:9-81
60        android:protectionLevel="signature" />
60-->[androidx.core:core:1.9.0] AndroidManifest.xml:24:9-44
61
62    <uses-permission android:name="pickupjob.gobizgrow.com.DYNAMIC_RECEIVER_NOT_EXPORTED_PERMISSION" />
62-->[androidx.core:core:1.9.0] AndroidManifest.xml:26:5-97
62-->[androidx.core:core:1.9.0] AndroidManifest.xml:26:22-94
63
64    <application
65        android:name="android.app.Application"
65-->src/main/AndroidManifest.xml:16:9-42
66        android:appComponentFactory="androidx.core.app.CoreComponentFactory"
66-->[androidx.core:core:1.9.0] AndroidManifest.xml:28:18-86
67        android:icon="@mipmap/launcher_icon"
67-->src/main/AndroidManifest.xml:17:9-45
68        android:label="pickupjob"
68-->src/main/AndroidManifest.xml:15:9-34
69        android:largeHeap="true"
69-->[:flutter_barcode_scanner] AndroidManifest.xml:16:9-33
70        android:theme="@style/Theme.AppCompat.NoActionBar" >
70-->[:flutter_barcode_scanner] AndroidManifest.xml:17:9-59
71        <activity
71-->src/main/AndroidManifest.xml:18:9-38:20
72            android:name="pickupjob.gobizgrow.com.MainActivity"
72-->src/main/AndroidManifest.xml:19:13-41
73            android:configChanges="orientation|keyboardHidden|keyboard|screenSize|smallestScreenSize|locale|layoutDirection|fontScale|screenLayout|density|uiMode"
73-->src/main/AndroidManifest.xml:23:13-163
74            android:exported="true"
74-->src/main/AndroidManifest.xml:20:13-36
75            android:hardwareAccelerated="true"
75-->src/main/AndroidManifest.xml:24:13-47
76            android:launchMode="singleTop"
76-->src/main/AndroidManifest.xml:21:13-43
77            android:theme="@style/LaunchTheme"
77-->src/main/AndroidManifest.xml:22:13-47
78            android:windowSoftInputMode="adjustResize" >
78-->src/main/AndroidManifest.xml:25:13-55
79
80            <!--
81                 Specifies an Android theme to apply to this Activity as soon as
82                 the Android process has started. This theme is visible to the user
83                 while the Flutter UI initializes. After that, this theme continues
84                 to determine the Window background behind the Flutter UI.
85            -->
86            <meta-data
86-->src/main/AndroidManifest.xml:30:13-33:17
87                android:name="io.flutter.embedding.android.NormalTheme"
87-->src/main/AndroidManifest.xml:31:15-70
88                android:resource="@style/NormalTheme" />
88-->src/main/AndroidManifest.xml:32:15-52
89
90            <intent-filter>
90-->src/main/AndroidManifest.xml:34:13-37:29
91                <action android:name="android.intent.action.MAIN" />
91-->src/main/AndroidManifest.xml:35:17-68
91-->src/main/AndroidManifest.xml:35:25-66
92
93                <category android:name="android.intent.category.LAUNCHER" />
93-->src/main/AndroidManifest.xml:36:17-76
93-->src/main/AndroidManifest.xml:36:27-74
94            </intent-filter>
95        </activity>
96        <!--
97             Don't delete the meta-data below.
98             This is used by the Flutter tool to generate GeneratedPluginRegistrant.java
99        -->
100        <meta-data
100-->src/main/AndroidManifest.xml:41:9-43:33
101            android:name="flutterEmbedding"
101-->src/main/AndroidManifest.xml:42:13-44
102            android:value="2" />
102-->src/main/AndroidManifest.xml:43:13-30
103        <meta-data
103-->src/main/AndroidManifest.xml:44:9-45:69
104            android:name="com.google.android.geo.API_KEY"
104-->src/main/AndroidManifest.xml:44:20-65
105            android:value="AIzaSyCe2c5wnzwWCrtk-U-MvBIbvVn2rswuxpQ" />
105-->src/main/AndroidManifest.xml:45:12-67
106        <meta-data
106-->src/main/AndroidManifest.xml:46:9-96
107            android:name="firebase_messaging_auto_init_enabled"
107-->src/main/AndroidManifest.xml:46:20-71
108            android:value="true" />
108-->src/main/AndroidManifest.xml:46:73-93
109        <meta-data
109-->src/main/AndroidManifest.xml:47:9-96
110            android:name="firebase_analytics_collection_enabled"
110-->src/main/AndroidManifest.xml:47:20-72
111            android:value="true" />
111-->src/main/AndroidManifest.xml:47:73-93
112        <meta-data
112-->src/main/AndroidManifest.xml:49:9-51:51
113            android:name="com.google.firebase.messaging.default_notification_channel_id"
113-->src/main/AndroidManifest.xml:50:9-85
114            android:value="high_importance_channel" />
114-->src/main/AndroidManifest.xml:51:9-48
115
116        <service
116-->src/main/AndroidManifest.xml:52:9-139
117            android:name="com.google.android.gms.measurement.AppMeasurementService"
117-->src/main/AndroidManifest.xml:52:18-89
118            android:enabled="true"
118-->src/main/AndroidManifest.xml:52:90-112
119            android:exported="false" />
119-->src/main/AndroidManifest.xml:52:113-137
120
121        <receiver
121-->src/main/AndroidManifest.xml:53:9-57:20
122            android:name="com.google.android.gms.measurement.AppMeasurementReceiver"
122-->src/main/AndroidManifest.xml:53:19-91
123            android:enabled="true"
123-->src/main/AndroidManifest.xml:53:92-114
124            android:exported="false" >
124-->[com.google.android.gms:play-services-measurement:21.2.0] AndroidManifest.xml:32:13-37
125            <intent-filter>
125-->src/main/AndroidManifest.xml:54:13-56:29
126                <action android:name="com.google.android.gms.measurement.UPLOAD" />
126-->src/main/AndroidManifest.xml:55:17-84
126-->src/main/AndroidManifest.xml:55:25-81
127            </intent-filter>
128        </receiver>
129
130        <service
130-->[:cloud_firestore] AndroidManifest.xml:10:9-14:19
131            android:name="com.google.firebase.components.ComponentDiscoveryService"
131-->[:cloud_firestore] AndroidManifest.xml:10:18-89
132            android:directBootAware="true"
132-->[com.google.firebase:firebase-common:20.2.0] AndroidManifest.xml:34:13-43
133            android:exported="false" >
133-->[com.google.firebase:firebase-inappmessaging-display:20.2.0] AndroidManifest.xml:23:13-37
134            <meta-data
134-->[:cloud_firestore] AndroidManifest.xml:11:13-13:85
135                android:name="com.google.firebase.components:io.flutter.plugins.firebase.firestore.FlutterFirebaseFirestoreRegistrar"
135-->[:cloud_firestore] AndroidManifest.xml:12:17-134
136                android:value="com.google.firebase.components.ComponentRegistrar" />
136-->[:cloud_firestore] AndroidManifest.xml:13:17-82
137            <meta-data
137-->[:firebase_analytics] AndroidManifest.xml:15:13-17:85
138                android:name="com.google.firebase.components:io.flutter.plugins.firebase.analytics.FlutterFirebaseAppRegistrar"
138-->[:firebase_analytics] AndroidManifest.xml:16:17-128
139                android:value="com.google.firebase.components.ComponentRegistrar" />
139-->[:firebase_analytics] AndroidManifest.xml:17:17-82
140            <meta-data
140-->[:firebase_auth] AndroidManifest.xml:11:13-13:85
141                android:name="com.google.firebase.components:io.flutter.plugins.firebase.auth.FlutterFirebaseAuthRegistrar"
141-->[:firebase_auth] AndroidManifest.xml:12:17-124
142                android:value="com.google.firebase.components.ComponentRegistrar" />
142-->[:firebase_auth] AndroidManifest.xml:13:17-82
143            <meta-data
143-->[:firebase_storage] AndroidManifest.xml:11:13-13:85
144                android:name="com.google.firebase.components:io.flutter.plugins.firebase.storage.FlutterFirebaseAppRegistrar"
144-->[:firebase_storage] AndroidManifest.xml:12:17-126
145                android:value="com.google.firebase.components.ComponentRegistrar" />
145-->[:firebase_storage] AndroidManifest.xml:13:17-82
146            <meta-data
146-->[:firebase_messaging] AndroidManifest.xml:38:13-40:85
147                android:name="com.google.firebase.components:io.flutter.plugins.firebase.messaging.FlutterFirebaseAppRegistrar"
147-->[:firebase_messaging] AndroidManifest.xml:39:17-128
148                android:value="com.google.firebase.components.ComponentRegistrar" />
148-->[:firebase_messaging] AndroidManifest.xml:40:17-82
149            <meta-data
149-->[:firebase_core] AndroidManifest.xml:11:13-13:85
150                android:name="com.google.firebase.components:io.flutter.plugins.firebase.core.FlutterFirebaseCoreRegistrar"
150-->[:firebase_core] AndroidManifest.xml:12:17-124
151                android:value="com.google.firebase.components.ComponentRegistrar" />
151-->[:firebase_core] AndroidManifest.xml:13:17-82
152            <meta-data
152-->[com.google.firebase:firebase-inappmessaging-display:20.2.0] AndroidManifest.xml:24:13-26:85
153                android:name="com.google.firebase.components:com.google.firebase.inappmessaging.display.FirebaseInAppMessagingDisplayRegistrar"
153-->[com.google.firebase:firebase-inappmessaging-display:20.2.0] AndroidManifest.xml:25:17-144
154                android:value="com.google.firebase.components.ComponentRegistrar" />
154-->[com.google.firebase:firebase-inappmessaging-display:20.2.0] AndroidManifest.xml:26:17-82
155            <meta-data
155-->[com.google.firebase:firebase-firestore:24.4.1] AndroidManifest.xml:19:13-21:85
156                android:name="com.google.firebase.components:com.google.firebase.firestore.FirestoreRegistrar"
156-->[com.google.firebase:firebase-firestore:24.4.1] AndroidManifest.xml:20:17-111
157                android:value="com.google.firebase.components.ComponentRegistrar" />
157-->[com.google.firebase:firebase-firestore:24.4.1] AndroidManifest.xml:21:17-82
158            <meta-data
158-->[com.google.firebase:firebase-iid:21.1.0] AndroidManifest.xml:32:13-34:85
159                android:name="com.google.firebase.components:com.google.firebase.iid.Registrar"
159-->[com.google.firebase:firebase-iid:21.1.0] AndroidManifest.xml:33:17-96
160                android:value="com.google.firebase.components.ComponentRegistrar" />
160-->[com.google.firebase:firebase-iid:21.1.0] AndroidManifest.xml:34:17-82
161            <meta-data
161-->[com.google.android.gms:play-services-measurement-api:21.2.0] AndroidManifest.xml:31:13-33:85
162                android:name="com.google.firebase.components:com.google.firebase.analytics.connector.internal.AnalyticsConnectorRegistrar"
162-->[com.google.android.gms:play-services-measurement-api:21.2.0] AndroidManifest.xml:32:17-139
163                android:value="com.google.firebase.components.ComponentRegistrar" />
163-->[com.google.android.gms:play-services-measurement-api:21.2.0] AndroidManifest.xml:33:17-82
164            <meta-data
164-->[com.google.firebase:firebase-storage:20.1.0] AndroidManifest.xml:32:13-34:85
165                android:name="com.google.firebase.components:com.google.firebase.storage.StorageRegistrar"
165-->[com.google.firebase:firebase-storage:20.1.0] AndroidManifest.xml:33:17-107
166                android:value="com.google.firebase.components.ComponentRegistrar" />
166-->[com.google.firebase:firebase-storage:20.1.0] AndroidManifest.xml:34:17-82
167            <meta-data
167-->[com.google.firebase:firebase-auth:21.1.0] AndroidManifest.xml:67:13-69:85
168                android:name="com.google.firebase.components:com.google.firebase.auth.FirebaseAuthRegistrar"
168-->[com.google.firebase:firebase-auth:21.1.0] AndroidManifest.xml:68:17-109
169                android:value="com.google.firebase.components.ComponentRegistrar" />
169-->[com.google.firebase:firebase-auth:21.1.0] AndroidManifest.xml:69:17-82
170            <meta-data
170-->[com.google.firebase:firebase-messaging:23.1.0] AndroidManifest.xml:55:13-57:85
171                android:name="com.google.firebase.components:com.google.firebase.messaging.FirebaseMessagingRegistrar"
171-->[com.google.firebase:firebase-messaging:23.1.0] AndroidManifest.xml:56:17-119
172                android:value="com.google.firebase.components.ComponentRegistrar" />
172-->[com.google.firebase:firebase-messaging:23.1.0] AndroidManifest.xml:57:17-82
173            <meta-data
173-->[com.google.firebase:firebase-inappmessaging:20.2.0] AndroidManifest.xml:16:13-18:85
174                android:name="com.google.firebase.components:com.google.firebase.inappmessaging.FirebaseInAppMessagingRegistrar"
174-->[com.google.firebase:firebase-inappmessaging:20.2.0] AndroidManifest.xml:17:17-129
175                android:value="com.google.firebase.components.ComponentRegistrar" />
175-->[com.google.firebase:firebase-inappmessaging:20.2.0] AndroidManifest.xml:18:17-82
176            <meta-data
176-->[com.google.firebase:firebase-installations:17.1.0] AndroidManifest.xml:17:13-19:85
177                android:name="com.google.firebase.components:com.google.firebase.installations.FirebaseInstallationsRegistrar"
177-->[com.google.firebase:firebase-installations:17.1.0] AndroidManifest.xml:18:17-127
178                android:value="com.google.firebase.components.ComponentRegistrar" />
178-->[com.google.firebase:firebase-installations:17.1.0] AndroidManifest.xml:19:17-82
179            <meta-data
179-->[com.google.firebase:firebase-datatransport:18.1.7] AndroidManifest.xml:27:13-29:85
180                android:name="com.google.firebase.components:com.google.firebase.datatransport.TransportRegistrar"
180-->[com.google.firebase:firebase-datatransport:18.1.7] AndroidManifest.xml:28:17-115
181                android:value="com.google.firebase.components.ComponentRegistrar" />
181-->[com.google.firebase:firebase-datatransport:18.1.7] AndroidManifest.xml:29:17-82
182            <meta-data
182-->[com.google.firebase:firebase-abt:21.1.0] AndroidManifest.xml:12:13-14:85
183                android:name="com.google.firebase.components:com.google.firebase.abt.component.AbtRegistrar"
183-->[com.google.firebase:firebase-abt:21.1.0] AndroidManifest.xml:13:17-109
184                android:value="com.google.firebase.components.ComponentRegistrar" />
184-->[com.google.firebase:firebase-abt:21.1.0] AndroidManifest.xml:14:17-82
185        </service>
186        <service
186-->[:firebase_messaging] AndroidManifest.xml:16:9-19:72
187            android:name="io.flutter.plugins.firebase.messaging.FlutterFirebaseMessagingBackgroundService"
187-->[:firebase_messaging] AndroidManifest.xml:17:13-107
188            android:exported="false"
188-->[:firebase_messaging] AndroidManifest.xml:18:13-37
189            android:permission="android.permission.BIND_JOB_SERVICE" />
189-->[:firebase_messaging] AndroidManifest.xml:19:13-69
190        <service
190-->[:firebase_messaging] AndroidManifest.xml:20:9-26:19
191            android:name="io.flutter.plugins.firebase.messaging.FlutterFirebaseMessagingService"
191-->[:firebase_messaging] AndroidManifest.xml:21:13-97
192            android:exported="false" >
192-->[:firebase_messaging] AndroidManifest.xml:22:13-37
193            <intent-filter>
193-->[:firebase_messaging] AndroidManifest.xml:23:13-25:29
194                <action android:name="com.google.firebase.MESSAGING_EVENT" />
194-->[:firebase_messaging] AndroidManifest.xml:24:17-78
194-->[:firebase_messaging] AndroidManifest.xml:24:25-75
195            </intent-filter>
196        </service>
197
198        <receiver
198-->[:firebase_messaging] AndroidManifest.xml:28:9-35:20
199            android:name="io.flutter.plugins.firebase.messaging.FlutterFirebaseMessagingReceiver"
199-->[:firebase_messaging] AndroidManifest.xml:29:13-98
200            android:exported="true"
200-->[:firebase_messaging] AndroidManifest.xml:30:13-36
201            android:permission="com.google.android.c2dm.permission.SEND" >
201-->[:firebase_messaging] AndroidManifest.xml:31:13-73
202            <intent-filter>
202-->[:firebase_messaging] AndroidManifest.xml:32:13-34:29
203                <action android:name="com.google.android.c2dm.intent.RECEIVE" />
203-->[:firebase_messaging] AndroidManifest.xml:33:17-81
203-->[:firebase_messaging] AndroidManifest.xml:33:25-78
204            </intent-filter>
205        </receiver>
206
207        <provider
207-->[:firebase_messaging] AndroidManifest.xml:43:9-47:38
208            android:name="io.flutter.plugins.firebase.messaging.FlutterFirebaseMessagingInitProvider"
208-->[:firebase_messaging] AndroidManifest.xml:44:13-102
209            android:authorities="pickupjob.gobizgrow.com.flutterfirebasemessaginginitprovider"
209-->[:firebase_messaging] AndroidManifest.xml:45:13-88
210            android:exported="false"
210-->[:firebase_messaging] AndroidManifest.xml:46:13-37
211            android:initOrder="99" />
211-->[:firebase_messaging] AndroidManifest.xml:47:13-35
212
213        <service
213-->[:geolocator_android] AndroidManifest.xml:12:9-16:56
214            android:name="com.baseflow.geolocator.GeolocatorLocationService"
214-->[:geolocator_android] AndroidManifest.xml:13:13-77
215            android:enabled="true"
215-->[:geolocator_android] AndroidManifest.xml:14:13-35
216            android:exported="false"
216-->[:geolocator_android] AndroidManifest.xml:15:13-37
217            android:foregroundServiceType="location" />
217-->[:geolocator_android] AndroidManifest.xml:16:13-53
218
219        <activity android:name="com.amolg.flutterbarcodescanner.BarcodeCaptureActivity" />
219-->[:flutter_barcode_scanner] AndroidManifest.xml:18:9-91
219-->[:flutter_barcode_scanner] AndroidManifest.xml:18:19-88
220
221        <provider
221-->[:image_picker_android] AndroidManifest.xml:10:9-18:20
222            android:name="io.flutter.plugins.imagepicker.ImagePickerFileProvider"
222-->[:image_picker_android] AndroidManifest.xml:11:13-82
223            android:authorities="pickupjob.gobizgrow.com.flutter.image_provider"
223-->[:image_picker_android] AndroidManifest.xml:12:13-74
224            android:exported="false"
224-->[:image_picker_android] AndroidManifest.xml:13:13-37
225            android:grantUriPermissions="true" >
225-->[:image_picker_android] AndroidManifest.xml:14:13-47
226            <meta-data
226-->[:image_picker_android] AndroidManifest.xml:15:13-17:75
227                android:name="android.support.FILE_PROVIDER_PATHS"
227-->[:image_picker_android] AndroidManifest.xml:16:17-67
228                android:resource="@xml/flutter_image_picker_file_paths" />
228-->[:image_picker_android] AndroidManifest.xml:17:17-72
229        </provider>
230
231        <receiver
231-->[:flutter_local_notifications] AndroidManifest.xml:16:9-18:40
232            android:name="com.dexterous.flutterlocalnotifications.ActionBroadcastReceiver"
232-->[:flutter_local_notifications] AndroidManifest.xml:17:13-91
233            android:exported="false" />
233-->[:flutter_local_notifications] AndroidManifest.xml:18:13-37
234        <receiver
234-->[:flutter_local_notifications] AndroidManifest.xml:19:9-21:40
235            android:name="com.dexterous.flutterlocalnotifications.ScheduledNotificationReceiver"
235-->[:flutter_local_notifications] AndroidManifest.xml:20:13-97
236            android:exported="false" />
236-->[:flutter_local_notifications] AndroidManifest.xml:21:13-37
237        <receiver
237-->[:flutter_local_notifications] AndroidManifest.xml:22:9-31:20
238            android:name="com.dexterous.flutterlocalnotifications.ScheduledNotificationBootReceiver"
238-->[:flutter_local_notifications] AndroidManifest.xml:23:13-101
239            android:exported="false" >
239-->[:flutter_local_notifications] AndroidManifest.xml:24:13-37
240            <intent-filter>
240-->[:flutter_local_notifications] AndroidManifest.xml:25:13-30:29
241                <action android:name="android.intent.action.BOOT_COMPLETED" />
241-->[:flutter_local_notifications] AndroidManifest.xml:26:17-79
241-->[:flutter_local_notifications] AndroidManifest.xml:26:25-76
242                <action android:name="android.intent.action.MY_PACKAGE_REPLACED" />
242-->[:flutter_local_notifications] AndroidManifest.xml:27:17-84
242-->[:flutter_local_notifications] AndroidManifest.xml:27:25-81
243                <action android:name="android.intent.action.QUICKBOOT_POWERON" />
243-->[:flutter_local_notifications] AndroidManifest.xml:28:17-82
243-->[:flutter_local_notifications] AndroidManifest.xml:28:25-79
244                <action android:name="com.htc.intent.action.QUICKBOOT_POWERON" />
244-->[:flutter_local_notifications] AndroidManifest.xml:29:17-82
244-->[:flutter_local_notifications] AndroidManifest.xml:29:25-79
245            </intent-filter>
246        </receiver>
247
248        <activity
248-->[com.stripe:paymentsheet:20.15.4] AndroidManifest.xml:10:9-13:69
249            android:name="com.stripe.android.paymentsheet.PaymentSheetActivity"
249-->[com.stripe:paymentsheet:20.15.4] AndroidManifest.xml:11:13-80
250            android:exported="false"
250-->[com.stripe:paymentsheet:20.15.4] AndroidManifest.xml:12:13-37
251            android:theme="@style/StripePaymentSheetDefaultTheme" />
251-->[com.stripe:paymentsheet:20.15.4] AndroidManifest.xml:13:13-66
252        <activity
252-->[com.stripe:paymentsheet:20.15.4] AndroidManifest.xml:14:9-17:69
253            android:name="com.stripe.android.paymentsheet.PaymentOptionsActivity"
253-->[com.stripe:paymentsheet:20.15.4] AndroidManifest.xml:15:13-82
254            android:exported="false"
254-->[com.stripe:paymentsheet:20.15.4] AndroidManifest.xml:16:13-37
255            android:theme="@style/StripePaymentSheetDefaultTheme" />
255-->[com.stripe:paymentsheet:20.15.4] AndroidManifest.xml:17:13-66
256        <activity
256-->[com.stripe:paymentsheet:20.15.4] AndroidManifest.xml:18:9-21:69
257            android:name="com.stripe.android.paymentsheet.addresselement.AddressElementActivity"
257-->[com.stripe:paymentsheet:20.15.4] AndroidManifest.xml:19:13-97
258            android:exported="false"
258-->[com.stripe:paymentsheet:20.15.4] AndroidManifest.xml:20:13-37
259            android:theme="@style/StripePaymentSheetDefaultTheme" />
259-->[com.stripe:paymentsheet:20.15.4] AndroidManifest.xml:21:13-66
260        <activity
260-->[com.stripe:paymentsheet:20.15.4] AndroidManifest.xml:22:9-25:69
261            android:name="com.stripe.android.paymentsheet.paymentdatacollection.polling.PollingActivity"
261-->[com.stripe:paymentsheet:20.15.4] AndroidManifest.xml:23:13-105
262            android:exported="false"
262-->[com.stripe:paymentsheet:20.15.4] AndroidManifest.xml:24:13-37
263            android:theme="@style/StripePaymentSheetDefaultTheme" />
263-->[com.stripe:paymentsheet:20.15.4] AndroidManifest.xml:25:13-66
264        <activity
264-->[com.stripe:link:20.15.4] AndroidManifest.xml:10:9-15:58
265            android:name="com.stripe.android.link.LinkActivity"
265-->[com.stripe:link:20.15.4] AndroidManifest.xml:11:13-64
266            android:exported="false"
266-->[com.stripe:link:20.15.4] AndroidManifest.xml:12:13-37
267            android:label="@string/link"
267-->[com.stripe:link:20.15.4] AndroidManifest.xml:13:13-41
268            android:theme="@style/LinkBaseTheme"